06/12/22 22:23:40: 链路连通
尝试
06/12/22 22:23:42: 发送数据
发送 144 位->
06/12/22 22:23:42: 发送数据
发送 144 位->
06/12/22 22:23:43: 发送数据
发送 144 位->
06/12/22 22:23:43: 发送数据
发送 144 位->
06/12/22 22:23:43: 发送数据
发送 144 位->
06/12/22 22:23:43: 发送数据
发送 144 位->
06/12/22 22:23:44: 发送数据
发送 144 位->
06/12/22 22:23:44: 发送数据
发送 144 位->
06/12/22 22:23:44: 发送数据
发送 144 位->
06/12/22 22:23:44: 发送数据
发送 144 位->
06/12/22 22:23:44: 发送数据
发送 144 位->
06/12/22 22:23:45: 发送数据
发送 144 位->
06/12/22 22:23:45: 发送数据
发送 144 位->
06/12/22 22:23:45: 发送数据
发送 144 位->
06/12/22 22:23:45: 发送数据
发送 144 位->
06/12/22 22:23:45: 发送数据
发送 144 位->
06/12/22 22:23:45: 发送数据
发送 144 位->
06/12/22 22:23:46: 发送数据
发送 144 位->
06/12/22 22:23:46: 发送数据
发送 144 位->
06/12/22 22:23:46: 发送数据
发送 144 位->
06/12/22 22:23:46: 发送数据
发送 144 位->
06/12/22 22:23:46: 发送数据
发送 144 位->
06/12/22 22:23:46: 发送数据
发送 144 位->
06/12/22 22:23:47: 发送数据
发送 144 位->
06/12/22 22:23:47: 发送数据
发送 144 位->
06/12/22 22:23:47: 发送数据
发送 144 位->
06/12/22 22:23:47: 发送数据
发送 144 位->
06/12/22 22:23:47: 发送数据
发送 144 位->
06/12/22 22:23:47: 发送数据
发送 144 位->
06/12/22 22:23:48: 发送数据
发送 144 位->
06/12/22 22:23:48: 发送数据
发送 144 位->
06/12/22 22:23:48: 发送数据
发送 144 位->
06/12/22 22:23:48: 发送数据
发送 144 位->
06/12/22 22:23:48: 发送数据
发送 144 位->
06/12/22 22:23:48: 发送数据
发送 144 位->
06/12/22 22:23:49: 发送数据
发送 144 位->
06/12/22 22:23:49: 发送数据
发送 144 位->
06/12/22 22:23:49: 发送数据
发送 144 位->
06/12/22 22:23:49: 发送数据
发送 144 位->
06/12/22 22:23:49: 发送数据
发送 144 位->
06/12/22 22:23:49: 发送数据
发送 144 位->
06/12/22 22:23:50: 发送数据
发送 144 位->
06/12/22 22:23:50: 发送数据
发送 144 位->
06/12/22 22:23:50: 发送数据
发送 144 位->
06/12/22 22:23:50: 发送数据
发送 144 位->
06/12/22 22:23:50: 发送数据
发送 144 位->
06/12/22 22:23:50: 发送数据
发送 144 位->
06/12/22 22:23:51: 发送数据
发送 144 位->
06/12/22 22:23:51: 发送数据
发送 144 位->
06/12/22 22:23:51: 发送数据
发送 144 位->
06/12/22 22:23:51: 接收数据
接收127.0.0.1:16101->144位->
06/12/22 22:23:51: 发送数据
发送 104 位->
06/12/22 22:23:51: 发送数据
发送 144 位->
06/12/22 22:23:51: 接收数据
接收127.0.0.1:16101->104位->
06/12/22 22:23:51: 接收数据
接收127.0.0.1:16101->200位->
06/12/22 22:23:51: 接收数据
接收127.0.0.1:16101->232位->
06/12/22 22:23:51: 接收数据
接收127.0.0.1:16101->264位->
06/12/22 22:23:51: 接收数据
接收127.0.0.1:16101->280位->
06/12/22 22:23:51: 发送数据
发送 104 位->
06/12/22 22:23:52: 接收数据
接收127.0.0.1:16101->144位->
06/12/22 22:23:52: 发送数据
发送 104 位->
06/12/22 22:23:52: 发送数据
发送 104 位->
06/12/22 22:23:52: 发送数据
发送 144 位->
06/12/22 22:23:52: 发送数据
发送 144 位->
06/12/22 22:23:52: 发送数据
发送 144 位->
06/12/22 22:23:52: 发送数据
发送 104 位->
06/12/22 22:23:52: 接收数据
接收127.0.0.1:16101->104位->
06/12/22 22:23:52: 接收数据
接收127.0.0.1:16101->144位->
06/12/22 22:23:52: 接收数据
接收127.0.0.1:16101->144位->
06/12/22 22:23:52: 接收数据
接收127.0.0.1:16101->104位->
06/12/22 22:23:52: 接收数据
接收127.0.0.1:16101->144位->
06/12/22 22:23:52: 发送数据
发送 104 位->
06/12/22 22:23:52: 发送数据
发送 104 位->
06/12/22 22:23:52: 发送数据
发送 104 位->
06/12/22 22:23:53: 接收数据
接收127.0.0.1:16101->104位->
06/12/22 22:23:53: 接收数据
接收127.0.0.1:16101->144位->
06/12/22 22:23:53: 发送数据
发送 104 位->
06/12/22 22:23:53: 发送数据
发送 144 位->
06/12/22 22:23:53: 接收数据
接收127.0.0.1:16101->104位->
06/12/22 22:23:53: 接收数据
接收127.0.0.1:16101->144位->
06/12/22 22:23:53: 接收数据
接收127.0.0.1:16101->144位->
06/12/22 22:23:53: 发送数据
发送 104 位->
06/12/22 22:23:53: 发送数据
发送 104 位->
06/12/22 22:23:53: 接收数据
接收127.0.0.1:16101->232位->
06/12/22 22:23:53: 发送数据
发送 104 位->
06/12/22 22:23:53: 发送数据
发送 248 位->
06/12/22 22:23:53: 发送数据
发送 264 位->
06/12/22 22:23:53: 发送数据
发送 264 位->
06/12/22 22:23:53: 发送数据
发送 280 位->
06/12/22 22:23:53: 接收数据
接收127.0.0.1:16101->104位->
06/12/22 22:23:53: 接收数据
接收127.0.0.1:16101->104位->
06/12/22 22:23:53: 接收数据
接收127.0.0.1:16101->104位->
06/12/22 22:23:53: 接收数据
接收127.0.0.1:16101->104位->
06/12/22 22:23:53: 接收数据
接收127.0.0.1:16101->144位->
06/12/22 22:23:53: 发送数据
发送 104 位->
06/12/22 22:23:53: 接收数据
接收127.0.0.1:16101->280位->
06/12/22 22:23:54: 发送数据
发送 104 位->
06/12/22 22:24:14: File Closed
